{
  "stats": {
    "suites": 2,
    "tests": 3,
    "passes": 1,
    "pending": 0,
    "failures": 2,
    "start": "2023-03-11T17:56:49.676Z",
    "end": "2023-03-11T17:56:49.774Z",
    "duration": 98,
    "testsRegistered": 3,
    "passPercent": 33.33333333333333,
    "pendingPercent": 0,
    "other": 0,
    "hasOther": false,
    "skipped": 0,
    "hasSkipped": false
  },
  "results": [
    {
      "uuid": "52ad1be1-f7c6-428c-9ed3-2d6e8552ed46",
      "title": "",
      "fullFile": "",
      "file": "",
      "beforeHooks": [],
      "afterHooks": [],
      "tests": [],
      "suites": [
        {
          "uuid": "1157a751-84da-4151-80a7-8d2cad88ae25",
          "title": "Step 0: Basic environment connectivity tests",
          "fullFile": "/home/labosis/Projects/TMF/ODA/Conformance/oda-component-ctk/L1-dynamicValidationTests.js",
          "file": "/L1-dynamicValidationTests.js",
          "beforeHooks": [],
          "afterHooks": [],
          "tests": [
            {
              "title": "Kubectl configured correctly",
              "fullTitle": "Step 0: Basic environment connectivity tests Kubectl configured correctly",
              "timedOut": false,
              "duration": 21,
              "state": "passed",
              "speed": "fast",
              "pass": true,
              "fail": false,
              "pending": false,
              "context": null,
              "code": "k8sCoreApi.listNamespacedPod(NAMESPACE).then((res) => {\n  expect(res, \"Kubectl should return pods in \" + NAMESPACE + \" namespace\").to.be.a('object')\n  done()\n}).catch(done)",
              "err": {},
              "uuid": "a88a912e-e5f5-466d-957e-6804705eb60a",
              "parentUUID": "1157a751-84da-4151-80a7-8d2cad88ae25",
              "isHook": false,
              "skipped": false
            }
          ],
          "suites": [],
          "passes": [
            "a88a912e-e5f5-466d-957e-6804705eb60a"
          ],
          "failures": [],
          "pending": [],
          "skipped": [],
          "duration": 21,
          "root": false,
          "rootEmpty": false,
          "_timeout": 2000
        },
        {
          "uuid": "9dd3ff63-0116-4ab2-88eb-a34cce09b9c7",
          "title": "Step 1: Check metadata for component r1-productcatalog.component.yaml",
          "fullFile": "/home/labosis/Projects/TMF/ODA/Conformance/oda-component-ctk/L1-dynamicValidationTests.js",
          "file": "/L1-dynamicValidationTests.js",
          "beforeHooks": [],
          "afterHooks": [],
          "tests": [
            {
              "title": "Component r1-productcatalog can be found in namespace components",
              "fullTitle": "Step 1: Check metadata for component r1-productcatalog.component.yaml Component r1-productcatalog can be found in namespace components",
              "timedOut": false,
              "duration": 9,
              "state": "failed",
              "speed": null,
              "pass": false,
              "fail": true,
              "pending": false,
              "context": null,
              "code": "k8sCustomApi.listNamespacedCustomObject(TMFORUM_ODA_API_GROUP, TMFORUM_ODA_API_VERSION, NAMESPACE, COMPONENTS, undefined, undefined, 'metadata.name=' + componentName)\n  .then(function (res) {\n    const numberOfComponentsFound = res.body.items.length\n    expect(numberOfComponentsFound, 'Should find 1 component with name ' + componentName).to.equal(1)\n    done()\n  }).catch(done)",
              "err": {
                "message": "AssertionError: Should find 1 component with name r1-productcatalog: expected 0 to equal 1",
                "estack": "AssertionError: Should find 1 component with name r1-productcatalog: expected 0 to equal 1\n    at /home/labosis/Projects/TMF/ODA/Conformance/oda-component-ctk/L1-dynamicValidationTests.js:55:100\n    at process.processTicksAndRejections (node:internal/process/task_queues:95:5)",
                "diff": "- 0\n+ 1\n"
              },
              "uuid": "1ac8ef01-8b10-4b49-827a-c184a2133078",
              "parentUUID": "9dd3ff63-0116-4ab2-88eb-a34cce09b9c7",
              "isHook": false,
              "skipped": false
            },
            {
              "title": "Component has deployed successfully (summary/status.deployment_status: Complete)",
              "fullTitle": "Step 1: Check metadata for component r1-productcatalog.component.yaml Component has deployed successfully (summary/status.deployment_status: Complete)",
              "timedOut": false,
              "duration": 8,
              "state": "failed",
              "speed": null,
              "pass": false,
              "fail": true,
              "pending": false,
              "context": null,
              "code": "k8sCustomApi.listNamespacedCustomObject(TMFORUM_ODA_API_GROUP, TMFORUM_ODA_API_VERSION, NAMESPACE, COMPONENTS, undefined, undefined, 'metadata.name=' + componentName)\n  .then(function (res) {\n    const status = res.body.items[0].status\n    expect(status['summary/status'].deployment_status, 'status.summary/status.deployment_status is Complete').to.equal('Complete')\n    done()\n  }).catch(done)",
              "err": {
                "message": "TypeError: Cannot read properties of undefined (reading 'status')",
                "estack": "TypeError: Cannot read properties of undefined (reading 'status')\n    at /home/labosis/Projects/TMF/ODA/Conformance/oda-component-ctk/L1-dynamicValidationTests.js:63:44\n    at process.processTicksAndRejections (node:internal/process/task_queues:95:5)",
                "diff": null
              },
              "uuid": "0cc4b3cf-158a-48a6-ab05-ecd1ce4adf19",
              "parentUUID": "9dd3ff63-0116-4ab2-88eb-a34cce09b9c7",
              "isHook": false,
              "skipped": false
            }
          ],
          "suites": [],
          "passes": [],
          "failures": [
            "1ac8ef01-8b10-4b49-827a-c184a2133078",
            "0cc4b3cf-158a-48a6-ab05-ecd1ce4adf19"
          ],
          "pending": [],
          "skipped": [],
          "duration": 17,
          "root": false,
          "rootEmpty": false,
          "_timeout": 2000
        }
      ],
      "passes": [],
      "failures": [],
      "pending": [],
      "skipped": [],
      "duration": 0,
      "root": true,
      "rootEmpty": true,
      "_timeout": 2000
    }
  ],
  "meta": {
    "mocha": {
      "version": "8.4.0"
    },
    "mochawesome": {
      "options": {
        "quiet": false,
        "reportFilename": "[status]_[datetime]-Generic_dynamic-report",
        "saveHtml": true,
        "saveJson": true,
        "consoleReporter": "spec",
        "useInlineDiffs": false,
        "code": true
      },
      "version": "7.1.3"
    },
    "marge": {
      "options": {
        "reportFilename": "[status]_[datetime]-Generic_dynamic-report"
      },
      "version": "6.2.0"
    }
  }
}